[INFO] Scanning for projects...
[INFO] 
[INFO] ---------------< com.cdac:spring_boot_backend_template >----------------
[INFO] Building spring_boot_backend_template 0.0.1
[INFO]   from pom.xml
[INFO] --------------------------------[ jar ]---------------------------------
[INFO] 
[INFO] >>> spring-boot:3.5.9:run (default-cli) > test-compile @ spring_boot_backend_template >>>
[INFO] 
[INFO] --- resources:3.3.1:resources (default-resources) @ spring_boot_backend_template ---
[INFO] Copying 1 resource from src\main\resources to target\classes
[INFO] Copying 19 resources from src\main\resources to target\classes
[INFO] 
[INFO] --- compiler:3.14.1:compile (default-compile) @ spring_boot_backend_template ---
[INFO] Recompiling the module because of changed source code.
[INFO] Compiling 87 source files with javac [debug parameters release 21] to target\classes
[INFO] 
[INFO] --- resources:3.3.1:testResources (default-testResources) @ spring_boot_backend_template ---
[INFO] skip non existing resourceDirectory C:\Users\Anand Misal\Desktop\Project\mobile_mart_cdac\Mobile-Mart\spring_boot_backend_template\src\test\resources
[INFO] 
[INFO] --- compiler:3.14.1:testCompile (default-testCompile) @ spring_boot_backend_template ---
[INFO] Recompiling the module because of changed dependency.
[INFO] Compiling 1 source file with javac [debug parameters release 21] to target\test-classes
[INFO] 
[INFO] <<< spring-boot:3.5.9:run (default-cli) < test-compile @ spring_boot_backend_template <<<
[INFO] 
[INFO] 
[INFO] --- spring-boot:3.5.9:run (default-cli) @ spring_boot_backend_template ---
[INFO] Attaching agents: []

  .   ____          _            __ _ _
 /\\ / ___'_ __ _ _(_)_ __  __ _ \ \ \ \
( ( )\___ | '_ | '_| | '_ \/ _` | \ \ \ \
 \\/  ___)| |_)| | | | | || (_| |  ) ) ) )
  '  |____| .__|_| |_|_| |_\__, | / / / /
 =========|_|==============|___/=/_/_/_/

 :: Spring Boot ::                (v3.5.9)

2026-01-27T19:04:44.002+05:30  INFO 32188 --- [backend] [  restartedMain] com.backend.Application                  : Starting Application using Java 21.0.5 with PID 32188 (C:\Users\Anand Misal\Desktop\Project\mobile_mart_cdac\Mobile-Mart\spring_boot_backend_template\target\classes started by Anand Misal in C:\Users\Anand Misal\Desktop\Project\mobile_mart_cdac\Mobile-Mart\spring_boot_backend_template)
2026-01-27T19:04:44.009+05:30  INFO 32188 --- [backend] [  restartedMain] com.backend.Application                  : No active profile set, falling back to 1 default profile: "default"
2026-01-27T19:04:44.056+05:30  INFO 32188 --- [backend] [  restartedMain] .e.DevToolsPropertyDefaultsPostProcessor : Devtools property defaults active! Set 'spring.devtools.add-properties' to 'false' to disable
2026-01-27T19:04:44.056+05:30  INFO 32188 --- [backend] [  restartedMain] .e.DevToolsPropertyDefaultsPostProcessor : For additional web related logging consider setting the 'logging.level.web' property to 'DEBUG'
2026-01-27T19:04:45.000+05:30  INFO 32188 --- [backend] [  restartedMain] .s.d.r.c.RepositoryConfigurationDelegate : Bootstrapping Spring Data JPA repositories in DEFAULT mode.
2026-01-27T19:04:45.095+05:30  INFO 32188 --- [backend] [  restartedMain] .s.d.r.c.RepositoryConfigurationDelegate : Finished Spring Data repository scanning in 88 ms. Found 10 JPA repository interfaces.
2026-01-27T19:04:45.604+05:30  INFO 32188 --- [backend] [  restartedMain] o.s.b.w.embedded.tomcat.TomcatWebServer  : Tomcat initialized with port 8080 (http)
2026-01-27T19:04:45.617+05:30  INFO 32188 --- [backend] [  restartedMain] o.apache.catalina.core.StandardService   : Starting service [Tomcat]
2026-01-27T19:04:45.618+05:30  INFO 32188 --- [backend] [  restartedMain] o.apache.catalina.core.StandardEngine    : Starting Servlet engine: [Apache Tomcat/10.1.50]
2026-01-27T19:04:45.677+05:30  INFO 32188 --- [backend] [  restartedMain] o.a.c.c.C.[Tomcat].[localhost].[/]       : Initializing Spring embedded WebApplicationContext
2026-01-27T19:04:45.677+05:30  INFO 32188 --- [backend] [  restartedMain] w.s.c.ServletWebServerApplicationContext : Root WebApplicationContext: initialization completed in 1621 ms
2026-01-27T19:04:45.924+05:30  INFO 32188 --- [backend] [  restartedMain] o.hibernate.jpa.internal.util.LogHelper  : HHH000204: Processing PersistenceUnitInfo [name: default]
2026-01-27T19:04:45.977+05:30  INFO 32188 --- [backend] [  restartedMain] org.hibernate.Version                    : HHH000412: Hibernate ORM core version 6.6.39.Final
2026-01-27T19:04:46.005+05:30  INFO 32188 --- [backend] [  restartedMain] o.h.c.internal.RegionFactoryInitiator    : HHH000026: Second-level cache disabled
2026-01-27T19:04:46.229+05:30  INFO 32188 --- [backend] [  restartedMain] o.s.o.j.p.SpringPersistenceUnitInfo      : No LoadTimeWeaver setup: ignoring JPA class transformer
2026-01-27T19:04:46.257+05:30  INFO 32188 --- [backend] [  restartedMain] com.zaxxer.hikari.HikariDataSource       : HikariPool-1 - Starting...
2026-01-27T19:04:46.400+05:30  INFO 32188 --- [backend] [  restartedMain] com.zaxxer.hikari.pool.HikariPool        : HikariPool-1 - Added connection com.mysql.cj.jdbc.ConnectionImpl@3346ad62
2026-01-27T19:04:46.402+05:30  INFO 32188 --- [backend] [  restartedMain] com.zaxxer.hikari.HikariDataSource       : HikariPool-1 - Start completed.
2026-01-27T19:04:46.455+05:30  WARN 32188 --- [backend] [  restartedMain] org.hibernate.orm.deprecation            : HHH90000025: MySQLDialect does not need to be specified explicitly using 'hibernate.dialect' (remove the property setting and it will be selected by default)
2026-01-27T19:04:46.471+05:30  INFO 32188 --- [backend] [  restartedMain] org.hibernate.orm.connections.pooling    : HHH10001005: Database info:
	Database JDBC URL [Connecting through datasource 'HikariDataSource (HikariPool-1)']
	Database driver: undefined/unknown
	Database version: 8.4.6
	Autocommit mode: undefined/unknown
	Isolation level: undefined/unknown
	Minimum pool size: undefined/unknown
	Maximum pool size: undefined/unknown
2026-01-27T19:04:47.365+05:30  INFO 32188 --- [backend] [  restartedMain] o.h.e.t.j.p.i.JtaPlatformInitiator       : HHH000489: No JTA platform available (set 'hibernate.transaction.jta.platform' to enable JTA platform integration)
2026-01-27T19:04:47.504+05:30  INFO 32188 --- [backend] [  restartedMain] j.LocalContainerEntityManagerFactoryBean : Initialized JPA EntityManagerFactory for persistence unit 'default'
2026-01-27T19:04:48.184+05:30  INFO 32188 --- [backend] [  restartedMain] o.s.b.a.w.s.WelcomePageHandlerMapping    : Adding welcome page: class path resource [static/index.html]
2026-01-27T19:04:48.425+05:30  INFO 32188 --- [backend] [  restartedMain] o.s.b.a.e.web.EndpointLinksResolver      : Exposing 1 endpoint beneath base path '/actuator'
2026-01-27T19:04:48.830+05:30  INFO 32188 --- [backend] [  restartedMain] o.s.b.d.a.OptionalLiveReloadServer       : LiveReload server is running on port 35729
2026-01-27T19:04:48.886+05:30  INFO 32188 --- [backend] [  restartedMain] o.s.b.w.embedded.tomcat.TomcatWebServer  : Tomcat started on port 8080 (http) with context path '/'
2026-01-27T19:04:48.897+05:30  INFO 32188 --- [backend] [  restartedMain] com.backend.Application                  : Started Application in 5.279 seconds (process running for 5.62)
Hibernate: 
    select
        u1_0.user_id 
    from
        users u1_0 
    where
        u1_0.email=? 
    limit
        ?
??  Admin user already exists
